<?xml version="1.0" encoding="UTF-8"?>
<coverage generated="1644513580896" clover="3.2.0">
  <project timestamp="1644513580896" name="All files">
    <metrics statements="28" coveredstatements="28" conditionals="14" coveredconditionals="13" methods="4" coveredmethods="4" elements="46" coveredelements="45" complexity="0" loc="28" ncloc="28" packages="1" files="1" classes="1"/>
    <file name="diff.js" path="/Users/artemhabibullin/frontend-project-lvl2/src/diff.js">
      <metrics statements="28" coveredstatements="28" conditionals="14" coveredconditionals="13" methods="4" coveredmethods="4"/>
      <line num="5" count="1" type="stmt"/>
      <line num="6" count="1" type="stmt"/>
      <line num="7" count="2" type="cond" truecount="1" falsecount="1"/>
      <line num="8" count="2" type="stmt"/>
      <line num="9" count="2" type="stmt"/>
      <line num="10" count="2" type="stmt"/>
      <line num="13" count="1" type="stmt"/>
      <line num="14" count="1" type="stmt"/>
      <line num="16" count="1" type="stmt"/>
      <line num="18" count="1" type="stmt"/>
      <line num="19" count="1" type="stmt"/>
      <line num="20" count="1" type="stmt"/>
      <line num="22" count="1" type="stmt"/>
      <line num="24" count="1" type="stmt"/>
      <line num="25" count="5" type="stmt"/>
      <line num="26" count="5" type="stmt"/>
      <line num="28" count="5" type="cond" truecount="2" falsecount="0"/>
      <line num="29" count="1" type="stmt"/>
      <line num="31" count="5" type="cond" truecount="2" falsecount="0"/>
      <line num="32" count="4" type="cond" truecount="4" falsecount="0"/>
      <line num="33" count="1" type="stmt"/>
      <line num="34" count="3" type="cond" truecount="4" falsecount="0"/>
      <line num="35" count="2" type="stmt"/>
      <line num="37" count="1" type="stmt"/>
      <line num="38" count="1" type="stmt"/>
      <line num="41" count="5" type="stmt"/>
      <line num="44" count="1" type="stmt"/>
      <line num="45" count="1" type="stmt"/>
    </file>
  </project>
</coverage>
