<?xml version="1.0" encoding="UTF-8"?>
<coverage generated="1645961113343" clover="3.2.0">
  <project timestamp="1645961113343" name="All files">
    <metrics statements="77" coveredstatements="77" conditionals="45" coveredconditionals="44" methods="18" coveredmethods="18" elements="140" coveredelements="139" complexity="0" loc="77" ncloc="77" packages="2" files="6" classes="6"/>
    <package name="src">
      <metrics statements="32" coveredstatements="32" conditionals="17" coveredconditionals="16" methods="5" coveredmethods="5"/>
      <file name="buildTree.js" path="/Users/artemhabibullin/frontend-project-lvl2/src/buildTree.js">
        <metrics statements="15" coveredstatements="15" conditionals="10" coveredconditionals="10" methods="2" coveredmethods="2"/>
        <line num="3" count="1" type="stmt"/>
        <line num="4" count="50" type="stmt"/>
        <line num="5" count="50" type="stmt"/>
        <line num="7" count="50" type="stmt"/>
        <line num="8" count="180" type="stmt"/>
        <line num="9" count="180" type="stmt"/>
        <line num="11" count="180" type="cond" truecount="2" falsecount="0"/>
        <line num="12" count="50" type="stmt"/>
        <line num="14" count="130" type="cond" truecount="2" falsecount="0"/>
        <line num="15" count="20" type="stmt"/>
        <line num="17" count="110" type="cond" truecount="4" falsecount="0"/>
        <line num="18" count="40" type="stmt"/>
        <line num="20" count="70" type="cond" truecount="2" falsecount="0"/>
        <line num="21" count="40" type="stmt"/>
        <line num="25" count="30" type="stmt"/>
      </file>
      <file name="diff.js" path="/Users/artemhabibullin/frontend-project-lvl2/src/diff.js">
        <metrics statements="11" coveredstatements="11" conditionals="3" coveredconditionals="2" methods="2" coveredmethods="2"/>
        <line num="7" count="1" type="cond" truecount="1" falsecount="0"/>
        <line num="8" count="11" type="stmt"/>
        <line num="9" count="22" type="cond" truecount="1" falsecount="1"/>
        <line num="10" count="22" type="stmt"/>
        <line num="11" count="22" type="stmt"/>
        <line num="12" count="22" type="stmt"/>
        <line num="13" count="21" type="stmt"/>
        <line num="16" count="11" type="stmt"/>
        <line num="17" count="11" type="stmt"/>
        <line num="18" count="10" type="stmt"/>
        <line num="19" count="10" type="stmt"/>
      </file>
      <file name="parcers.js" path="/Users/artemhabibullin/frontend-project-lvl2/src/parcers.js">
        <metrics statements="6" coveredstatements="6" conditionals="4" coveredconditionals="4" methods="1" coveredmethods="1"/>
        <line num="3" count="1" type="stmt"/>
        <line num="4" count="22" type="cond" truecount="4" falsecount="0"/>
        <line num="6" count="15" type="stmt"/>
        <line num="8" count="3" type="stmt"/>
        <line num="10" count="3" type="stmt"/>
        <line num="12" count="1" type="stmt"/>
      </file>
    </package>
    <package name="src.formatters">
      <metrics statements="45" coveredstatements="45" conditionals="28" coveredconditionals="28" methods="13" coveredmethods="13"/>
      <file name="index.js" path="/Users/artemhabibullin/frontend-project-lvl2/src/formatters/index.js">
        <metrics statements="6" coveredstatements="6" conditionals="4" coveredconditionals="4" methods="1" coveredmethods="1"/>
        <line num="4" count="1" type="stmt"/>
        <line num="5" count="10" type="cond" truecount="4" falsecount="0"/>
        <line num="7" count="3" type="stmt"/>
        <line num="9" count="3" type="stmt"/>
        <line num="11" count="3" type="stmt"/>
        <line num="13" count="1" type="stmt"/>
      </file>
      <file name="plain.js" path="/Users/artemhabibullin/frontend-project-lvl2/src/formatters/plain.js">
        <metrics statements="19" coveredstatements="19" conditionals="13" coveredconditionals="13" methods="5" coveredmethods="5"/>
        <line num="1" count="1" type="stmt"/>
        <line num="2" count="39" type="cond" truecount="2" falsecount="0"/>
        <line num="3" count="21" type="stmt"/>
        <line num="5" count="18" type="cond" truecount="2" falsecount="0"/>
        <line num="6" count="3" type="stmt"/>
        <line num="8" count="15" type="cond" truecount="2" falsecount="0"/>
        <line num="9" count="9" type="stmt"/>
        <line num="11" count="6" type="stmt"/>
        <line num="14" count="1" type="stmt"/>
        <line num="15" count="16" type="stmt"/>
        <line num="16" count="55" type="stmt"/>
        <line num="18" count="46" type="cond" truecount="2" falsecount="0"/>
        <line num="19" count="46" type="cond" truecount="5" falsecount="0"/>
        <line num="21" count="15" type="stmt"/>
        <line num="23" count="6" type="stmt"/>
        <line num="25" count="12" type="stmt"/>
        <line num="27" count="12" type="stmt"/>
        <line num="29" count="1" type="stmt"/>
        <line num="32" count="4" type="stmt"/>
      </file>
      <file name="stylish.js" path="/Users/artemhabibullin/frontend-project-lvl2/src/formatters/stylish.js">
        <metrics statements="20" coveredstatements="20" conditionals="11" coveredconditionals="11" methods="7" coveredmethods="7"/>
        <line num="1" count="126" type="cond" truecount="1" falsecount="0"/>
        <line num="2" count="1" type="stmt"/>
        <line num="3" count="81" type="cond" truecount="2" falsecount="0"/>
        <line num="4" count="57" type="stmt"/>
        <line num="6" count="24" type="cond" truecount="2" falsecount="0"/>
        <line num="7" count="3" type="stmt"/>
        <line num="9" count="21" type="stmt"/>
        <line num="11" count="27" type="stmt"/>
        <line num="12" count="21" type="stmt"/>
        <line num="15" count="1" type="stmt"/>
        <line num="16" count="16" type="stmt"/>
        <line num="17" count="55" type="stmt"/>
        <line num="18" count="55" type="cond" truecount="6" falsecount="0"/>
        <line num="20" count="15" type="stmt"/>
        <line num="22" count="6" type="stmt"/>
        <line num="24" count="9" type="stmt"/>
        <line num="26" count="12" type="stmt"/>
        <line num="28" count="12" type="stmt"/>
        <line num="30" count="1" type="stmt"/>
        <line num="33" count="4" type="stmt"/>
      </file>
    </package>
  </project>
</coverage>
