{"/Users/artemhabibullin/frontend-project-lvl2/src/buildTree.js": {"path":"/Users/artemhabibullin/frontend-project-lvl2/src/buildTree.js","statementMap":{"0":{"start":{"line":3,"column":18},"end":{"line":27,"column":1}},"1":{"start":{"line":4,"column":15},"end":{"line":4,"column":48}},"2":{"start":{"line":5,"column":21},"end":{"line":5,"column":35}},"3":{"start":{"line":7,"column":2},"end":{"line":26,"column":5}},"4":{"start":{"line":8,"column":33},"end":{"line":8,"column":42}},"5":{"start":{"line":9,"column":34},"end":{"line":9,"column":43}},"6":{"start":{"line":11,"column":4},"end":{"line":13,"column":5}},"7":{"start":{"line":12,"column":6},"end":{"line":12,"column":66}},"8":{"start":{"line":14,"column":4},"end":{"line":16,"column":5}},"9":{"start":{"line":15,"column":6},"end":{"line":15,"column":68}},"10":{"start":{"line":17,"column":4},"end":{"line":19,"column":5}},"11":{"start":{"line":18,"column":6},"end":{"line":18,"column":108}},"12":{"start":{"line":20,"column":4},"end":{"line":24,"column":5}},"13":{"start":{"line":21,"column":6},"end":{"line":23,"column":8}},"14":{"start":{"line":25,"column":4},"end":{"line":25,"column":67}}},"fnMap":{"0":{"name":"(anonymous_0)","decl":{"start":{"line":3,"column":18},"end":{"line":3,"column":19}},"loc":{"start":{"line":3,"column":34},"end":{"line":27,"column":1}},"line":3},"1":{"name":"(anonymous_1)","decl":{"start":{"line":7,"column":24},"end":{"line":7,"column":25}},"loc":{"start":{"line":7,"column":33},"end":{"line":26,"column":3}},"line":7}},"branchMap":{"0":{"loc":{"start":{"line":11,"column":4},"end":{"line":13,"column":5}},"type":"if","locations":[{"start":{"line":11,"column":4},"end":{"line":13,"column":5}},{"start":{},"end":{}}],"line":11},"1":{"loc":{"start":{"line":14,"column":4},"end":{"line":16,"column":5}},"type":"if","locations":[{"start":{"line":14,"column":4},"end":{"line":16,"column":5}},{"start":{},"end":{}}],"line":14},"2":{"loc":{"start":{"line":17,"column":4},"end":{"line":19,"column":5}},"type":"if","locations":[{"start":{"line":17,"column":4},"end":{"line":19,"column":5}},{"start":{},"end":{}}],"line":17},"3":{"loc":{"start":{"line":17,"column":8},"end":{"line":17,"column":87}},"type":"binary-expr","locations":[{"start":{"line":17,"column":8},"end":{"line":17,"column":45}},{"start":{"line":17,"column":49},"end":{"line":17,"column":87}}],"line":17},"4":{"loc":{"start":{"line":20,"column":4},"end":{"line":24,"column":5}},"type":"if","locations":[{"start":{"line":20,"column":4},"end":{"line":24,"column":5}},{"start":{},"end":{}}],"line":20}},"s":{"0":1,"1":25,"2":25,"3":25,"4":90,"5":90,"6":90,"7":25,"8":65,"9":10,"10":55,"11":20,"12":35,"13":20,"14":15},"f":{"0":25,"1":90},"b":{"0":[25,65],"1":[10,55],"2":[20,35],"3":[55,25],"4":[20,15]},"_coverageSchema":"1a1c01bbd47fc00a2c39e90264f33305004495a9","hash":"7ecfad2dfca5950ec6b96850ad98b554a17cbb00"}
,"/Users/artemhabibullin/frontend-project-lvl2/src/diff.js": {"path":"/Users/artemhabibullin/frontend-project-lvl2/src/diff.js","statementMap":{"0":{"start":{"line":7,"column":16},"end":{"line":20,"column":1}},"1":{"start":{"line":8,"column":27},"end":{"line":14,"column":3}},"2":{"start":{"line":9,"column":21},"end":{"line":9,"column":101}},"3":{"start":{"line":10,"column":21},"end":{"line":10,"column":60}},"4":{"start":{"line":11,"column":23},"end":{"line":11,"column":44}},"5":{"start":{"line":12,"column":23},"end":{"line":12,"column":54}},"6":{"start":{"line":13,"column":4},"end":{"line":13,"column":22}},"7":{"start":{"line":16,"column":24},"end":{"line":16,"column":55}},"8":{"start":{"line":17,"column":25},"end":{"line":17,"column":57}},"9":{"start":{"line":18,"column":20},"end":{"line":18,"column":60}},"10":{"start":{"line":19,"column":2},"end":{"line":19,"column":39}}},"fnMap":{"0":{"name":"(anonymous_0)","decl":{"start":{"line":7,"column":16},"end":{"line":7,"column":17}},"loc":{"start":{"line":7,"column":75},"end":{"line":20,"column":1}},"line":7},"1":{"name":"(anonymous_1)","decl":{"start":{"line":8,"column":27},"end":{"line":8,"column":28}},"loc":{"start":{"line":8,"column":37},"end":{"line":14,"column":3}},"line":8}},"branchMap":{"0":{"loc":{"start":{"line":7,"column":48},"end":{"line":7,"column":70}},"type":"default-arg","locations":[{"start":{"line":7,"column":61},"end":{"line":7,"column":70}}],"line":7},"1":{"loc":{"start":{"line":9,"column":21},"end":{"line":9,"column":101}},"type":"cond-expr","locations":[{"start":{"line":9,"column":45},"end":{"line":9,"column":49}},{"start":{"line":9,"column":52},"end":{"line":9,"column":101}}],"line":9}},"s":{"0":1,"1":5,"2":10,"3":10,"4":10,"5":10,"6":10,"7":5,"8":5,"9":5,"10":5},"f":{"0":5,"1":10},"b":{"0":[5],"1":[0,10]},"_coverageSchema":"1a1c01bbd47fc00a2c39e90264f33305004495a9","hash":"76f8cd3590b22983f54983b148949d0fdc08c461"}
,"/Users/artemhabibullin/frontend-project-lvl2/src/parcers.js": {"path":"/Users/artemhabibullin/frontend-project-lvl2/src/parcers.js","statementMap":{"0":{"start":{"line":3,"column":18},"end":{"line":14,"column":1}},"1":{"start":{"line":4,"column":2},"end":{"line":13,"column":3}},"2":{"start":{"line":6,"column":6},"end":{"line":6,"column":30}},"3":{"start":{"line":8,"column":6},"end":{"line":8,"column":29}},"4":{"start":{"line":10,"column":6},"end":{"line":10,"column":29}},"5":{"start":{"line":12,"column":6},"end":{"line":12,"column":55}}},"fnMap":{"0":{"name":"(anonymous_0)","decl":{"start":{"line":3,"column":18},"end":{"line":3,"column":19}},"loc":{"start":{"line":3,"column":36},"end":{"line":14,"column":1}},"line":3}},"branchMap":{"0":{"loc":{"start":{"line":4,"column":2},"end":{"line":13,"column":3}},"type":"switch","locations":[{"start":{"line":5,"column":4},"end":{"line":6,"column":30}},{"start":{"line":7,"column":4},"end":{"line":8,"column":29}},{"start":{"line":9,"column":4},"end":{"line":10,"column":29}},{"start":{"line":11,"column":4},"end":{"line":12,"column":55}}],"line":4}},"s":{"0":1,"1":10,"2":4,"3":3,"4":3,"5":0},"f":{"0":10},"b":{"0":[4,3,3,0]},"_coverageSchema":"1a1c01bbd47fc00a2c39e90264f33305004495a9","hash":"28606e1a7ec3e1472641bd2e7c40c117cf79fbbb"}
,"/Users/artemhabibullin/frontend-project-lvl2/src/formatters/format.js": {"path":"/Users/artemhabibullin/frontend-project-lvl2/src/formatters/format.js","statementMap":{"0":{"start":{"line":3,"column":15},"end":{"line":10,"column":1}},"1":{"start":{"line":4,"column":2},"end":{"line":9,"column":3}},"2":{"start":{"line":6,"column":6},"end":{"line":6,"column":27}},"3":{"start":{"line":8,"column":6},"end":{"line":8,"column":51}}},"fnMap":{"0":{"name":"(anonymous_0)","decl":{"start":{"line":3,"column":15},"end":{"line":3,"column":16}},"loc":{"start":{"line":3,"column":37},"end":{"line":10,"column":1}},"line":3}},"branchMap":{"0":{"loc":{"start":{"line":4,"column":2},"end":{"line":9,"column":3}},"type":"switch","locations":[{"start":{"line":5,"column":4},"end":{"line":6,"column":27}},{"start":{"line":7,"column":4},"end":{"line":8,"column":51}}],"line":4}},"s":{"0":1,"1":5,"2":5,"3":0},"f":{"0":5},"b":{"0":[5,0]},"_coverageSchema":"1a1c01bbd47fc00a2c39e90264f33305004495a9","hash":"f156e345eb34c3c14f1c4d9aa07fbd37b06f2c17"}
,"/Users/artemhabibullin/frontend-project-lvl2/src/formatters/stylish.js": {"path":"/Users/artemhabibullin/frontend-project-lvl2/src/formatters/stylish.js","statementMap":{"0":{"start":{"line":1,"column":15},"end":{"line":1,"column":78}},"1":{"start":{"line":1,"column":43},"end":{"line":1,"column":78}},"2":{"start":{"line":2,"column":18},"end":{"line":13,"column":1}},"3":{"start":{"line":3,"column":2},"end":{"line":5,"column":3}},"4":{"start":{"line":4,"column":4},"end":{"line":4,"column":21}},"5":{"start":{"line":6,"column":2},"end":{"line":8,"column":3}},"6":{"start":{"line":7,"column":4},"end":{"line":7,"column":16}},"7":{"start":{"line":9,"column":16},"end":{"line":11,"column":98}},"8":{"start":{"line":11,"column":27},"end":{"line":11,"column":97}},"9":{"start":{"line":12,"column":2},"end":{"line":12,"column":63}},"10":{"start":{"line":15,"column":16},"end":{"line":34,"column":1}},"11":{"start":{"line":16,"column":15},"end":{"line":32,"column":4}},"12":{"start":{"line":16,"column":32},"end":{"line":32,"column":4}},"13":{"start":{"line":17,"column":21},"end":{"line":17,"column":109}},"14":{"start":{"line":17,"column":40},"end":{"line":17,"column":109}},"15":{"start":{"line":18,"column":4},"end":{"line":31,"column":5}},"16":{"start":{"line":20,"column":8},"end":{"line":20,"column":41}},"17":{"start":{"line":22,"column":8},"end":{"line":22,"column":41}},"18":{"start":{"line":24,"column":8},"end":{"line":24,"column":41}},"19":{"start":{"line":26,"column":8},"end":{"line":26,"column":76}},"20":{"start":{"line":28,"column":8},"end":{"line":28,"column":115}},"21":{"start":{"line":30,"column":8},"end":{"line":30,"column":35}},"22":{"start":{"line":33,"column":2},"end":{"line":33,"column":46}}},"fnMap":{"0":{"name":"(anonymous_0)","decl":{"start":{"line":1,"column":15},"end":{"line":1,"column":16}},"loc":{"start":{"line":1,"column":43},"end":{"line":1,"column":78}},"line":1},"1":{"name":"(anonymous_1)","decl":{"start":{"line":2,"column":18},"end":{"line":2,"column":19}},"loc":{"start":{"line":2,"column":39},"end":{"line":13,"column":1}},"line":2},"2":{"name":"(anonymous_2)","decl":{"start":{"line":11,"column":9},"end":{"line":11,"column":10}},"loc":{"start":{"line":11,"column":27},"end":{"line":11,"column":97}},"line":11},"3":{"name":"(anonymous_3)","decl":{"start":{"line":15,"column":16},"end":{"line":15,"column":17}},"loc":{"start":{"line":15,"column":31},"end":{"line":34,"column":1}},"line":15},"4":{"name":"(anonymous_4)","decl":{"start":{"line":16,"column":15},"end":{"line":16,"column":16}},"loc":{"start":{"line":16,"column":32},"end":{"line":32,"column":4}},"line":16},"5":{"name":"(anonymous_5)","decl":{"start":{"line":16,"column":41},"end":{"line":16,"column":42}},"loc":{"start":{"line":16,"column":51},"end":{"line":32,"column":3}},"line":16},"6":{"name":"(anonymous_6)","decl":{"start":{"line":17,"column":21},"end":{"line":17,"column":22}},"loc":{"start":{"line":17,"column":40},"end":{"line":17,"column":109}},"line":17}},"branchMap":{"0":{"loc":{"start":{"line":1,"column":23},"end":{"line":1,"column":38}},"type":"default-arg","locations":[{"start":{"line":1,"column":37},"end":{"line":1,"column":38}}],"line":1},"1":{"loc":{"start":{"line":3,"column":2},"end":{"line":5,"column":3}},"type":"if","locations":[{"start":{"line":3,"column":2},"end":{"line":5,"column":3}},{"start":{},"end":{}}],"line":3},"2":{"loc":{"start":{"line":6,"column":2},"end":{"line":8,"column":3}},"type":"if","locations":[{"start":{"line":6,"column":2},"end":{"line":8,"column":3}},{"start":{},"end":{}}],"line":6},"3":{"loc":{"start":{"line":18,"column":4},"end":{"line":31,"column":5}},"type":"switch","locations":[{"start":{"line":19,"column":6},"end":{"line":20,"column":41}},{"start":{"line":21,"column":6},"end":{"line":22,"column":41}},{"start":{"line":23,"column":6},"end":{"line":24,"column":41}},{"start":{"line":25,"column":6},"end":{"line":26,"column":76}},{"start":{"line":27,"column":6},"end":{"line":28,"column":115}},{"start":{"line":29,"column":6},"end":{"line":30,"column":35}}],"line":18}},"s":{"0":1,"1":210,"2":1,"3":135,"4":95,"5":40,"6":5,"7":35,"8":45,"9":35,"10":1,"11":5,"12":25,"13":90,"14":90,"15":90,"16":25,"17":10,"18":15,"19":20,"20":20,"21":0,"22":5},"f":{"0":210,"1":135,"2":45,"3":5,"4":25,"5":90,"6":90},"b":{"0":[210],"1":[95,40],"2":[5,35],"3":[25,10,15,20,20,0]},"_coverageSchema":"1a1c01bbd47fc00a2c39e90264f33305004495a9","hash":"b6c9f6ee4fe3b3550d3cb435703c8c4793ff713e"}
}
