{"/Users/artemhabibullin/frontend-project-lvl2/src/buildTree.js": {"path":"/Users/artemhabibullin/frontend-project-lvl2/src/buildTree.js","statementMap":{"0":{"start":{"line":3,"column":18},"end":{"line":27,"column":1}},"1":{"start":{"line":4,"column":15},"end":{"line":4,"column":48}},"2":{"start":{"line":5,"column":21},"end":{"line":5,"column":35}},"3":{"start":{"line":7,"column":2},"end":{"line":26,"column":5}},"4":{"start":{"line":8,"column":33},"end":{"line":8,"column":42}},"5":{"start":{"line":9,"column":34},"end":{"line":9,"column":43}},"6":{"start":{"line":11,"column":4},"end":{"line":13,"column":5}},"7":{"start":{"line":12,"column":6},"end":{"line":12,"column":66}},"8":{"start":{"line":14,"column":4},"end":{"line":16,"column":5}},"9":{"start":{"line":15,"column":6},"end":{"line":15,"column":68}},"10":{"start":{"line":17,"column":4},"end":{"line":19,"column":5}},"11":{"start":{"line":18,"column":6},"end":{"line":18,"column":108}},"12":{"start":{"line":20,"column":4},"end":{"line":24,"column":5}},"13":{"start":{"line":21,"column":6},"end":{"line":23,"column":8}},"14":{"start":{"line":25,"column":4},"end":{"line":25,"column":67}}},"fnMap":{"0":{"name":"(anonymous_0)","decl":{"start":{"line":3,"column":18},"end":{"line":3,"column":19}},"loc":{"start":{"line":3,"column":34},"end":{"line":27,"column":1}},"line":3},"1":{"name":"(anonymous_1)","decl":{"start":{"line":7,"column":24},"end":{"line":7,"column":25}},"loc":{"start":{"line":7,"column":33},"end":{"line":26,"column":3}},"line":7}},"branchMap":{"0":{"loc":{"start":{"line":11,"column":4},"end":{"line":13,"column":5}},"type":"if","locations":[{"start":{"line":11,"column":4},"end":{"line":13,"column":5}},{"start":{},"end":{}}],"line":11},"1":{"loc":{"start":{"line":14,"column":4},"end":{"line":16,"column":5}},"type":"if","locations":[{"start":{"line":14,"column":4},"end":{"line":16,"column":5}},{"start":{},"end":{}}],"line":14},"2":{"loc":{"start":{"line":17,"column":4},"end":{"line":19,"column":5}},"type":"if","locations":[{"start":{"line":17,"column":4},"end":{"line":19,"column":5}},{"start":{},"end":{}}],"line":17},"3":{"loc":{"start":{"line":17,"column":8},"end":{"line":17,"column":87}},"type":"binary-expr","locations":[{"start":{"line":17,"column":8},"end":{"line":17,"column":45}},{"start":{"line":17,"column":49},"end":{"line":17,"column":87}}],"line":17},"4":{"loc":{"start":{"line":20,"column":4},"end":{"line":24,"column":5}},"type":"if","locations":[{"start":{"line":20,"column":4},"end":{"line":24,"column":5}},{"start":{},"end":{}}],"line":20}},"s":{"0":1,"1":50,"2":50,"3":50,"4":180,"5":180,"6":180,"7":50,"8":130,"9":20,"10":110,"11":40,"12":70,"13":40,"14":30},"f":{"0":50,"1":180},"b":{"0":[50,130],"1":[20,110],"2":[40,70],"3":[110,50],"4":[40,30]},"_coverageSchema":"1a1c01bbd47fc00a2c39e90264f33305004495a9","hash":"7ecfad2dfca5950ec6b96850ad98b554a17cbb00"}
,"/Users/artemhabibullin/frontend-project-lvl2/src/index.js": {"path":"/Users/artemhabibullin/frontend-project-lvl2/src/index.js","statementMap":{"0":{"start":{"line":7,"column":16},"end":{"line":21,"column":1}},"1":{"start":{"line":8,"column":27},"end":{"line":15,"column":3}},"2":{"start":{"line":9,"column":21},"end":{"line":9,"column":101}},"3":{"start":{"line":10,"column":21},"end":{"line":10,"column":60}},"4":{"start":{"line":11,"column":23},"end":{"line":11,"column":50}},"5":{"start":{"line":12,"column":4},"end":{"line":12,"column":27}},"6":{"start":{"line":13,"column":23},"end":{"line":13,"column":54}},"7":{"start":{"line":14,"column":4},"end":{"line":14,"column":22}},"8":{"start":{"line":17,"column":24},"end":{"line":17,"column":55}},"9":{"start":{"line":18,"column":25},"end":{"line":18,"column":57}},"10":{"start":{"line":19,"column":20},"end":{"line":19,"column":60}},"11":{"start":{"line":20,"column":2},"end":{"line":20,"column":39}}},"fnMap":{"0":{"name":"(anonymous_0)","decl":{"start":{"line":7,"column":16},"end":{"line":7,"column":17}},"loc":{"start":{"line":7,"column":75},"end":{"line":21,"column":1}},"line":7},"1":{"name":"(anonymous_1)","decl":{"start":{"line":8,"column":27},"end":{"line":8,"column":28}},"loc":{"start":{"line":8,"column":37},"end":{"line":15,"column":3}},"line":8}},"branchMap":{"0":{"loc":{"start":{"line":7,"column":48},"end":{"line":7,"column":70}},"type":"default-arg","locations":[{"start":{"line":7,"column":61},"end":{"line":7,"column":70}}],"line":7},"1":{"loc":{"start":{"line":9,"column":21},"end":{"line":9,"column":101}},"type":"cond-expr","locations":[{"start":{"line":9,"column":45},"end":{"line":9,"column":49}},{"start":{"line":9,"column":52},"end":{"line":9,"column":101}}],"line":9}},"s":{"0":1,"1":11,"2":22,"3":22,"4":22,"5":22,"6":22,"7":21,"8":11,"9":11,"10":10,"11":10},"f":{"0":11,"1":22},"b":{"0":[1],"1":[0,22]},"_coverageSchema":"1a1c01bbd47fc00a2c39e90264f33305004495a9","hash":"8990e0b4caac47acb05ca47eb3ccfb317147ca9f"}
,"/Users/artemhabibullin/frontend-project-lvl2/src/parcers.js": {"path":"/Users/artemhabibullin/frontend-project-lvl2/src/parcers.js","statementMap":{"0":{"start":{"line":3,"column":18},"end":{"line":14,"column":1}},"1":{"start":{"line":4,"column":2},"end":{"line":13,"column":3}},"2":{"start":{"line":6,"column":6},"end":{"line":6,"column":30}},"3":{"start":{"line":8,"column":6},"end":{"line":8,"column":29}},"4":{"start":{"line":10,"column":6},"end":{"line":10,"column":29}},"5":{"start":{"line":12,"column":6},"end":{"line":12,"column":70}}},"fnMap":{"0":{"name":"(anonymous_0)","decl":{"start":{"line":3,"column":18},"end":{"line":3,"column":19}},"loc":{"start":{"line":3,"column":39},"end":{"line":14,"column":1}},"line":3}},"branchMap":{"0":{"loc":{"start":{"line":4,"column":2},"end":{"line":13,"column":3}},"type":"switch","locations":[{"start":{"line":5,"column":4},"end":{"line":6,"column":30}},{"start":{"line":7,"column":4},"end":{"line":8,"column":29}},{"start":{"line":9,"column":4},"end":{"line":10,"column":29}},{"start":{"line":11,"column":4},"end":{"line":12,"column":70}}],"line":4}},"s":{"0":1,"1":22,"2":15,"3":3,"4":3,"5":1},"f":{"0":22},"b":{"0":[15,3,3,1]},"_coverageSchema":"1a1c01bbd47fc00a2c39e90264f33305004495a9","hash":"65060923a1d9f184300aa785ca1fa7b1be68271f"}
,"/Users/artemhabibullin/frontend-project-lvl2/src/formatters/index.js": {"path":"/Users/artemhabibullin/frontend-project-lvl2/src/formatters/index.js","statementMap":{"0":{"start":{"line":4,"column":15},"end":{"line":15,"column":1}},"1":{"start":{"line":5,"column":2},"end":{"line":14,"column":3}},"2":{"start":{"line":7,"column":6},"end":{"line":7,"column":27}},"3":{"start":{"line":9,"column":6},"end":{"line":9,"column":25}},"4":{"start":{"line":11,"column":6},"end":{"line":11,"column":34}},"5":{"start":{"line":13,"column":6},"end":{"line":13,"column":68}}},"fnMap":{"0":{"name":"(anonymous_0)","decl":{"start":{"line":4,"column":15},"end":{"line":4,"column":16}},"loc":{"start":{"line":4,"column":37},"end":{"line":15,"column":1}},"line":4}},"branchMap":{"0":{"loc":{"start":{"line":5,"column":2},"end":{"line":14,"column":3}},"type":"switch","locations":[{"start":{"line":6,"column":4},"end":{"line":7,"column":27}},{"start":{"line":8,"column":4},"end":{"line":9,"column":25}},{"start":{"line":10,"column":4},"end":{"line":11,"column":34}},{"start":{"line":12,"column":4},"end":{"line":13,"column":68}}],"line":5}},"s":{"0":1,"1":10,"2":3,"3":3,"4":3,"5":1},"f":{"0":10},"b":{"0":[3,3,3,1]},"_coverageSchema":"1a1c01bbd47fc00a2c39e90264f33305004495a9","hash":"93b0a53a0e8655c8fa6a1d0dc48ca46c4fc4cc86"}
,"/Users/artemhabibullin/frontend-project-lvl2/src/formatters/plain.js": {"path":"/Users/artemhabibullin/frontend-project-lvl2/src/formatters/plain.js","statementMap":{"0":{"start":{"line":1,"column":18},"end":{"line":12,"column":1}},"1":{"start":{"line":2,"column":2},"end":{"line":4,"column":3}},"2":{"start":{"line":3,"column":4},"end":{"line":3,"column":23}},"3":{"start":{"line":5,"column":2},"end":{"line":7,"column":3}},"4":{"start":{"line":6,"column":4},"end":{"line":6,"column":16}},"5":{"start":{"line":8,"column":2},"end":{"line":10,"column":3}},"6":{"start":{"line":9,"column":4},"end":{"line":9,"column":29}},"7":{"start":{"line":11,"column":2},"end":{"line":11,"column":22}},"8":{"start":{"line":14,"column":14},"end":{"line":33,"column":1}},"9":{"start":{"line":15,"column":15},"end":{"line":31,"column":17}},"10":{"start":{"line":15,"column":38},"end":{"line":31,"column":17}},"11":{"start":{"line":16,"column":22},"end":{"line":16,"column":47}},"12":{"start":{"line":18,"column":23},"end":{"line":18,"column":76}},"13":{"start":{"line":19,"column":6},"end":{"line":30,"column":7}},"14":{"start":{"line":21,"column":10},"end":{"line":21,"column":89}},"15":{"start":{"line":23,"column":10},"end":{"line":23,"column":54}},"16":{"start":{"line":25,"column":10},"end":{"line":25,"column":47}},"17":{"start":{"line":27,"column":10},"end":{"line":27,"column":115}},"18":{"start":{"line":29,"column":10},"end":{"line":29,"column":69}},"19":{"start":{"line":32,"column":2},"end":{"line":32,"column":28}}},"fnMap":{"0":{"name":"(anonymous_0)","decl":{"start":{"line":1,"column":18},"end":{"line":1,"column":19}},"loc":{"start":{"line":1,"column":28},"end":{"line":12,"column":1}},"line":1},"1":{"name":"(anonymous_1)","decl":{"start":{"line":14,"column":14},"end":{"line":14,"column":15}},"loc":{"start":{"line":14,"column":29},"end":{"line":33,"column":1}},"line":14},"2":{"name":"(anonymous_2)","decl":{"start":{"line":15,"column":15},"end":{"line":15,"column":16}},"loc":{"start":{"line":15,"column":38},"end":{"line":31,"column":17}},"line":15},"3":{"name":"(anonymous_3)","decl":{"start":{"line":16,"column":12},"end":{"line":16,"column":13}},"loc":{"start":{"line":16,"column":22},"end":{"line":16,"column":47}},"line":16},"4":{"name":"(anonymous_4)","decl":{"start":{"line":17,"column":9},"end":{"line":17,"column":10}},"loc":{"start":{"line":17,"column":19},"end":{"line":31,"column":5}},"line":17}},"branchMap":{"0":{"loc":{"start":{"line":2,"column":2},"end":{"line":4,"column":3}},"type":"if","locations":[{"start":{"line":2,"column":2},"end":{"line":4,"column":3}},{"start":{},"end":{}}],"line":2},"1":{"loc":{"start":{"line":5,"column":2},"end":{"line":7,"column":3}},"type":"if","locations":[{"start":{"line":5,"column":2},"end":{"line":7,"column":3}},{"start":{},"end":{}}],"line":5},"2":{"loc":{"start":{"line":8,"column":2},"end":{"line":10,"column":3}},"type":"if","locations":[{"start":{"line":8,"column":2},"end":{"line":10,"column":3}},{"start":{},"end":{}}],"line":8},"3":{"loc":{"start":{"line":18,"column":23},"end":{"line":18,"column":76}},"type":"cond-expr","locations":[{"start":{"line":18,"column":37},"end":{"line":18,"column":65}},{"start":{"line":18,"column":68},"end":{"line":18,"column":76}}],"line":18},"4":{"loc":{"start":{"line":19,"column":6},"end":{"line":30,"column":7}},"type":"switch","locations":[{"start":{"line":20,"column":8},"end":{"line":21,"column":89}},{"start":{"line":22,"column":8},"end":{"line":23,"column":54}},{"start":{"line":24,"column":8},"end":{"line":25,"column":47}},{"start":{"line":26,"column":8},"end":{"line":27,"column":115}},{"start":{"line":28,"column":8},"end":{"line":29,"column":69}}],"line":19}},"s":{"0":1,"1":39,"2":21,"3":18,"4":3,"5":15,"6":9,"7":6,"8":1,"9":4,"10":16,"11":55,"12":46,"13":46,"14":15,"15":6,"16":12,"17":12,"18":1,"19":4},"f":{"0":39,"1":4,"2":16,"3":55,"4":46},"b":{"0":[21,18],"1":[3,15],"2":[9,6],"3":[33,13],"4":[15,6,12,12,1]},"_coverageSchema":"1a1c01bbd47fc00a2c39e90264f33305004495a9","hash":"29d934bd75764d5f152a5753ef4befb0a386bfd1"}
,"/Users/artemhabibullin/frontend-project-lvl2/src/formatters/stylish.js": {"path":"/Users/artemhabibullin/frontend-project-lvl2/src/formatters/stylish.js","statementMap":{"0":{"start":{"line":1,"column":15},"end":{"line":1,"column":78}},"1":{"start":{"line":1,"column":43},"end":{"line":1,"column":78}},"2":{"start":{"line":2,"column":18},"end":{"line":13,"column":1}},"3":{"start":{"line":3,"column":2},"end":{"line":5,"column":3}},"4":{"start":{"line":4,"column":4},"end":{"line":4,"column":21}},"5":{"start":{"line":6,"column":2},"end":{"line":8,"column":3}},"6":{"start":{"line":7,"column":4},"end":{"line":7,"column":16}},"7":{"start":{"line":9,"column":16},"end":{"line":11,"column":98}},"8":{"start":{"line":11,"column":27},"end":{"line":11,"column":97}},"9":{"start":{"line":12,"column":2},"end":{"line":12,"column":63}},"10":{"start":{"line":15,"column":16},"end":{"line":34,"column":1}},"11":{"start":{"line":16,"column":15},"end":{"line":32,"column":4}},"12":{"start":{"line":16,"column":32},"end":{"line":32,"column":4}},"13":{"start":{"line":17,"column":21},"end":{"line":17,"column":109}},"14":{"start":{"line":17,"column":40},"end":{"line":17,"column":109}},"15":{"start":{"line":18,"column":4},"end":{"line":31,"column":5}},"16":{"start":{"line":20,"column":8},"end":{"line":20,"column":41}},"17":{"start":{"line":22,"column":8},"end":{"line":22,"column":41}},"18":{"start":{"line":24,"column":8},"end":{"line":24,"column":41}},"19":{"start":{"line":26,"column":8},"end":{"line":26,"column":76}},"20":{"start":{"line":28,"column":8},"end":{"line":28,"column":115}},"21":{"start":{"line":30,"column":8},"end":{"line":30,"column":67}},"22":{"start":{"line":33,"column":2},"end":{"line":33,"column":46}}},"fnMap":{"0":{"name":"(anonymous_0)","decl":{"start":{"line":1,"column":15},"end":{"line":1,"column":16}},"loc":{"start":{"line":1,"column":43},"end":{"line":1,"column":78}},"line":1},"1":{"name":"(anonymous_1)","decl":{"start":{"line":2,"column":18},"end":{"line":2,"column":19}},"loc":{"start":{"line":2,"column":39},"end":{"line":13,"column":1}},"line":2},"2":{"name":"(anonymous_2)","decl":{"start":{"line":11,"column":9},"end":{"line":11,"column":10}},"loc":{"start":{"line":11,"column":27},"end":{"line":11,"column":97}},"line":11},"3":{"name":"(anonymous_3)","decl":{"start":{"line":15,"column":16},"end":{"line":15,"column":17}},"loc":{"start":{"line":15,"column":31},"end":{"line":34,"column":1}},"line":15},"4":{"name":"(anonymous_4)","decl":{"start":{"line":16,"column":15},"end":{"line":16,"column":16}},"loc":{"start":{"line":16,"column":32},"end":{"line":32,"column":4}},"line":16},"5":{"name":"(anonymous_5)","decl":{"start":{"line":16,"column":41},"end":{"line":16,"column":42}},"loc":{"start":{"line":16,"column":51},"end":{"line":32,"column":3}},"line":16},"6":{"name":"(anonymous_6)","decl":{"start":{"line":17,"column":21},"end":{"line":17,"column":22}},"loc":{"start":{"line":17,"column":40},"end":{"line":17,"column":109}},"line":17}},"branchMap":{"0":{"loc":{"start":{"line":1,"column":23},"end":{"line":1,"column":38}},"type":"default-arg","locations":[{"start":{"line":1,"column":37},"end":{"line":1,"column":38}}],"line":1},"1":{"loc":{"start":{"line":3,"column":2},"end":{"line":5,"column":3}},"type":"if","locations":[{"start":{"line":3,"column":2},"end":{"line":5,"column":3}},{"start":{},"end":{}}],"line":3},"2":{"loc":{"start":{"line":6,"column":2},"end":{"line":8,"column":3}},"type":"if","locations":[{"start":{"line":6,"column":2},"end":{"line":8,"column":3}},{"start":{},"end":{}}],"line":6},"3":{"loc":{"start":{"line":18,"column":4},"end":{"line":31,"column":5}},"type":"switch","locations":[{"start":{"line":19,"column":6},"end":{"line":20,"column":41}},{"start":{"line":21,"column":6},"end":{"line":22,"column":41}},{"start":{"line":23,"column":6},"end":{"line":24,"column":41}},{"start":{"line":25,"column":6},"end":{"line":26,"column":76}},{"start":{"line":27,"column":6},"end":{"line":28,"column":115}},{"start":{"line":29,"column":6},"end":{"line":30,"column":67}}],"line":18}},"s":{"0":1,"1":126,"2":1,"3":81,"4":57,"5":24,"6":3,"7":21,"8":27,"9":21,"10":1,"11":4,"12":16,"13":55,"14":54,"15":55,"16":15,"17":6,"18":9,"19":12,"20":12,"21":1,"22":4},"f":{"0":126,"1":81,"2":27,"3":4,"4":16,"5":55,"6":54},"b":{"0":[126],"1":[57,24],"2":[3,21],"3":[15,6,9,12,12,1]},"_coverageSchema":"1a1c01bbd47fc00a2c39e90264f33305004495a9","hash":"27eb89f6f89425a5f8a60c2d1165c5d4d604578c"}
}
