TN:
SF:src/buildTree.js
FN:3,(anonymous_0)
FN:7,(anonymous_1)
FNF:2
FNH:2
FNDA:25,(anonymous_0)
FNDA:90,(anonymous_1)
DA:3,1
DA:4,25
DA:5,25
DA:7,25
DA:8,90
DA:9,90
DA:11,90
DA:12,25
DA:14,65
DA:15,10
DA:17,55
DA:18,20
DA:20,35
DA:21,20
DA:25,15
LF:15
LH:15
BRDA:11,0,0,25
BRDA:11,0,1,65
BRDA:14,1,0,10
BRDA:14,1,1,55
BRDA:17,2,0,20
BRDA:17,2,1,35
BRDA:17,3,0,55
BRDA:17,3,1,25
BRDA:20,4,0,20
BRDA:20,4,1,15
BRF:10
BRH:10
end_of_record
TN:
SF:src/diff.js
FN:7,(anonymous_0)
FN:8,(anonymous_1)
FNF:2
FNH:2
FNDA:5,(anonymous_0)
FNDA:10,(anonymous_1)
DA:7,1
DA:8,5
DA:9,10
DA:10,10
DA:11,10
DA:12,10
DA:13,10
DA:16,5
DA:17,5
DA:18,5
DA:19,5
LF:11
LH:11
BRDA:7,0,0,5
BRDA:9,1,0,0
BRDA:9,1,1,10
BRF:3
BRH:2
end_of_record
TN:
SF:src/parcers.js
FN:3,(anonymous_0)
FNF:1
FNH:1
FNDA:10,(anonymous_0)
DA:3,1
DA:4,10
DA:6,4
DA:8,3
DA:10,3
DA:12,0
LF:6
LH:5
BRDA:4,0,0,4
BRDA:4,0,1,3
BRDA:4,0,2,3
BRDA:4,0,3,0
BRF:4
BRH:3
end_of_record
TN:
SF:src/formatters/format.js
FN:3,(anonymous_0)
FNF:1
FNH:1
FNDA:5,(anonymous_0)
DA:3,1
DA:4,5
DA:6,5
DA:8,0
LF:4
LH:3
BRDA:4,0,0,5
BRDA:4,0,1,0
BRF:2
BRH:1
end_of_record
TN:
SF:src/formatters/stylish.js
FN:1,(anonymous_0)
FN:2,(anonymous_1)
FN:11,(anonymous_2)
FN:15,(anonymous_3)
FN:16,(anonymous_4)
FN:16,(anonymous_5)
FN:17,(anonymous_6)
FNF:7
FNH:7
FNDA:210,(anonymous_0)
FNDA:135,(anonymous_1)
FNDA:45,(anonymous_2)
FNDA:5,(anonymous_3)
FNDA:25,(anonymous_4)
FNDA:90,(anonymous_5)
FNDA:90,(anonymous_6)
DA:1,210
DA:2,1
DA:3,135
DA:4,95
DA:6,40
DA:7,5
DA:9,35
DA:11,45
DA:12,35
DA:15,1
DA:16,25
DA:17,90
DA:18,90
DA:20,25
DA:22,10
DA:24,15
DA:26,20
DA:28,20
DA:30,0
DA:33,5
LF:20
LH:19
BRDA:1,0,0,210
BRDA:3,1,0,95
BRDA:3,1,1,40
BRDA:6,2,0,5
BRDA:6,2,1,35
BRDA:18,3,0,25
BRDA:18,3,1,10
BRDA:18,3,2,15
BRDA:18,3,3,20
BRDA:18,3,4,20
BRDA:18,3,5,0
BRF:11
BRH:10
end_of_record
