TN:
SF:src/diff.js
FN:5,(anonymous_0)
FN:6,(anonymous_1)
FN:18,(anonymous_2)
FN:24,(anonymous_3)
FNF:4
FNH:4
FNDA:1,(anonymous_0)
FNDA:2,(anonymous_1)
FNDA:1,(anonymous_2)
FNDA:5,(anonymous_3)
DA:5,1
DA:6,1
DA:7,2
DA:8,2
DA:9,2
DA:10,2
DA:13,1
DA:14,1
DA:16,1
DA:18,1
DA:19,1
DA:20,1
DA:22,1
DA:24,1
DA:25,5
DA:26,5
DA:28,5
DA:29,1
DA:31,5
DA:32,4
DA:33,1
DA:34,3
DA:35,2
DA:37,1
DA:38,1
DA:41,5
DA:44,1
DA:45,1
LF:28
LH:28
BRDA:7,0,0,0
BRDA:7,0,1,2
BRDA:28,1,0,1
BRDA:28,1,1,4
BRDA:31,2,0,4
BRDA:31,2,1,1
BRDA:32,3,0,1
BRDA:32,3,1,3
BRDA:32,4,0,4
BRDA:32,4,1,1
BRDA:34,5,0,2
BRDA:34,5,1,1
BRDA:34,6,0,3
BRDA:34,6,1,3
BRF:14
BRH:13
end_of_record
